build/app/intermediates/manifest_merge_blame_file/release/manifest-merger-blame-release-report.txt
1<?xml version="1.0" encoding="utf-8"?>
2<manifest xmlns:android="http://schemas.android.com/apk/res/android"
3    package="net.eighttechnologes.ict4farmers"
4    android:versionCode="20"
5    android:versionName="2.3.0" >
6
7    <uses-sdk
8        android:minSdkVersion="21"
8-->src/main/AndroidManifest.xml
9        android:targetSdkVersion="32" />
9-->src/main/AndroidManifest.xml
10
11    <uses-permission android:name="android.permission.ACCESS_FINE_LOCATION" />
11-->src/main/AndroidManifest.xml:4:5-79
11-->src/main/AndroidManifest.xml:4:22-76
12    <uses-permission android:name="android.permission.ACCESS_COARSE_LOCATION" />
12-->src/main/AndroidManifest.xml:5:5-81
12-->src/main/AndroidManifest.xml:5:22-78
13    <uses-permission android:name="android.permission.INTERNET" />
13-->src/main/AndroidManifest.xml:6:5-67
13-->src/main/AndroidManifest.xml:6:22-64
14
15    <!--
16     PASSWORD: sumayahswaibk@gmail.com
17     FIRST NAME: Sumaya
18     ORGANIZATION UNIT: Developer
19     NAME OF ORGANIZAATION: goprint
20     NAME OF CITY: Kampala
21     NAME OF STATE: Kampala
22     country : UG
23     SUMMARY" Is CN=Sumaya, OU=Developer, O=goprint, L=Kampala, ST=Kampala, C=UG correct?
24
25     The JKS keystore uses a proprietary format.
26     It is recommended to migrate to PKCS12 which is an industry standard format using
27     "keytool -importkeystore -srckeystore /Users/mac/upload-keystore.jks -destkeystore /Users/mac/upload-keystore.jks -deststoretype pkcs12".
28
29     /Users/mac/upload-keystore.jks
30
31     mac:ict4farmers-flutter juniorbendera$ keytool -genkey -v -keystore ~/upload-keystore.jks -keyalg RSA -keysize 2048 -validity 10000 -alias upload
32
33
34    keytool -importkeystore -srckeystore /Users/mac/ict4farmers.jks -destkeystore /Users/mac/upload-keystore.jks -deststoretype pkcs12
35    -->
36
37
38    <!-- ict4farmers.jks -->
39
40    <queries>
40-->src/main/AndroidManifest.xml:33:5-54:15
41
42        <!-- If your app opens https URLs -->
43        <intent>
43-->src/main/AndroidManifest.xml:35:9-38:18
44            <action android:name="android.intent.action.VIEW" />
44-->src/main/AndroidManifest.xml:36:13-65
44-->src/main/AndroidManifest.xml:36:21-62
45
46            <data android:scheme="https" />
46-->src/main/AndroidManifest.xml:37:13-44
46-->src/main/AndroidManifest.xml:37:19-41
47        </intent>
48        <!-- If your app makes calls -->
49        <intent>
49-->src/main/AndroidManifest.xml:40:9-43:18
50            <action android:name="android.intent.action.DIAL" />
50-->src/main/AndroidManifest.xml:41:13-65
50-->src/main/AndroidManifest.xml:41:21-62
51
52            <data android:scheme="tel" />
52-->src/main/AndroidManifest.xml:37:13-44
52-->src/main/AndroidManifest.xml:37:19-41
53        </intent>
54        <!-- If your sends SMS messages -->
55        <intent>
55-->src/main/AndroidManifest.xml:45:9-48:18
56            <action android:name="android.intent.action.SENDTO" />
56-->src/main/AndroidManifest.xml:46:13-67
56-->src/main/AndroidManifest.xml:46:21-64
57
58            <data android:scheme="smsto" />
58-->src/main/AndroidManifest.xml:37:13-44
58-->src/main/AndroidManifest.xml:37:19-41
59        </intent>
60        <!-- If your app sends emails -->
61        <intent>
61-->src/main/AndroidManifest.xml:50:9-53:18
62            <action android:name="android.intent.action.SEND" />
62-->src/main/AndroidManifest.xml:51:13-65
62-->src/main/AndroidManifest.xml:51:21-62
63
64            <data android:mimeType="*/*" />
64-->src/main/AndroidManifest.xml:37:13-44
64-->src/main/AndroidManifest.xml:52:19-41
65        </intent>
66        <!-- Needs to be explicitly declared on Android R+ -->
67        <package android:name="com.google.android.apps.maps" />
67-->[com.google.android.gms:play-services-maps:18.0.2] AndroidManifest.xml:33:9-64
67-->[com.google.android.gms:play-services-maps:18.0.2] AndroidManifest.xml:33:18-61
68    </queries>
69
70    <uses-permission android:name="android.permission.FOREGROUND_SERVICE" />
70-->[:geolocator_android] AndroidManifest.xml:7:5-77
70-->[:geolocator_android] AndroidManifest.xml:7:22-74
71    <uses-permission android:name="android.permission.ACCESS_NETWORK_STATE" /> <!-- Create a unique permission for your app and use it so only your app can receive your OneSignal messages. -->
71-->[:connectivity_plus] AndroidManifest.xml:7:5-79
71-->[:connectivity_plus] AndroidManifest.xml:7:22-76
72    <permission
72-->[com.onesignal:OneSignal:4.7.3] AndroidManifest.xml:7:5-9:47
73        android:name="net.eighttechnologes.ict4farmers.permission.C2D_MESSAGE"
73-->[com.onesignal:OneSignal:4.7.3] AndroidManifest.xml:8:9-63
74        android:protectionLevel="signature" />
74-->[com.onesignal:OneSignal:4.7.3] AndroidManifest.xml:9:9-44
75
76    <uses-permission android:name="net.eighttechnologes.ict4farmers.permission.C2D_MESSAGE" /> <!-- c2dm RECEIVE are basic requirements for push messages through Google's FCM -->
76-->[com.onesignal:OneSignal:4.7.3] AndroidManifest.xml:11:5-79
76-->[com.onesignal:OneSignal:4.7.3] AndroidManifest.xml:11:22-76
77    <uses-permission android:name="com.google.android.c2dm.permission.RECEIVE" /> <!-- Required, makes sure notifications are delivered on time. -->
77-->[com.onesignal:OneSignal:4.7.3] AndroidManifest.xml:17:5-82
77-->[com.onesignal:OneSignal:4.7.3] AndroidManifest.xml:17:22-79
78    <uses-permission android:name="android.permission.WAKE_LOCK" />
78-->[com.onesignal:OneSignal:4.7.3] AndroidManifest.xml:18:5-68
78-->[com.onesignal:OneSignal:4.7.3] AndroidManifest.xml:18:22-65
79    <!--
80 Required so the device vibrates on receiving a push notification.
81         Vibration settings of the device still apply.
82    -->
83    <uses-permission android:name="android.permission.VIBRATE" />
83-->[com.onesignal:OneSignal:4.7.3] AndroidManifest.xml:23:5-66
83-->[com.onesignal:OneSignal:4.7.3] AndroidManifest.xml:23:22-63
84    <!--
85 Use to restore notifications the user hasn't interacted with.
86         They could be missed notifications if the user reboots their device if this isn't in place.
87    -->
88    <uses-permission android:name="android.permission.RECEIVE_BOOT_COMPLETED" /> <!-- START: ShortcutBadger -->
88-->[com.onesignal:OneSignal:4.7.3] AndroidManifest.xml:29:5-81
88-->[com.onesignal:OneSignal:4.7.3] AndroidManifest.xml:29:22-78
89    <!-- Samsung -->
90    <uses-permission android:name="com.sec.android.provider.badge.permission.READ" />
90-->[com.onesignal:OneSignal:4.7.3] AndroidManifest.xml:31:5-86
90-->[com.onesignal:OneSignal:4.7.3] AndroidManifest.xml:31:22-83
91    <uses-permission android:name="com.sec.android.provider.badge.permission.WRITE" /> <!-- HTC -->
91-->[com.onesignal:OneSignal:4.7.3] AndroidManifest.xml:32:5-87
91-->[com.onesignal:OneSignal:4.7.3] AndroidManifest.xml:32:22-84
92    <uses-permission android:name="com.htc.launcher.permission.READ_SETTINGS" />
92-->[com.onesignal:OneSignal:4.7.3] AndroidManifest.xml:33:5-81
92-->[com.onesignal:OneSignal:4.7.3] AndroidManifest.xml:33:22-78
93    <uses-permission android:name="com.htc.launcher.permission.UPDATE_SHORTCUT" /> <!-- Sony -->
93-->[com.onesignal:OneSignal:4.7.3] AndroidManifest.xml:34:5-83
93-->[com.onesignal:OneSignal:4.7.3] AndroidManifest.xml:34:22-80
94    <uses-permission android:name="com.sonyericsson.home.permission.BROADCAST_BADGE" />
94-->[com.onesignal:OneSignal:4.7.3] AndroidManifest.xml:35:5-88
94-->[com.onesignal:OneSignal:4.7.3] AndroidManifest.xml:35:22-85
95    <uses-permission android:name="com.sonymobile.home.permission.PROVIDER_INSERT_BADGE" /> <!-- Apex -->
95-->[com.onesignal:OneSignal:4.7.3] AndroidManifest.xml:36:5-92
95-->[com.onesignal:OneSignal:4.7.3] AndroidManifest.xml:36:22-89
96    <uses-permission android:name="com.anddoes.launcher.permission.UPDATE_COUNT" /> <!-- Solid -->
96-->[com.onesignal:OneSignal:4.7.3] AndroidManifest.xml:37:5-84
96-->[com.onesignal:OneSignal:4.7.3] AndroidManifest.xml:37:22-81
97    <uses-permission android:name="com.majeur.launcher.permission.UPDATE_BADGE" /> <!-- Huawei -->
97-->[com.onesignal:OneSignal:4.7.3] AndroidManifest.xml:38:5-83
97-->[com.onesignal:OneSignal:4.7.3] AndroidManifest.xml:38:22-80
98    <uses-permission android:name="com.huawei.android.launcher.permission.CHANGE_BADGE" />
98-->[com.onesignal:OneSignal:4.7.3] AndroidManifest.xml:39:5-91
98-->[com.onesignal:OneSignal:4.7.3] AndroidManifest.xml:39:22-88
99    <uses-permission android:name="com.huawei.android.launcher.permission.READ_SETTINGS" />
99-->[com.onesignal:OneSignal:4.7.3] AndroidManifest.xml:40:5-92
99-->[com.onesignal:OneSignal:4.7.3] AndroidManifest.xml:40:22-89
100    <uses-permission android:name="com.huawei.android.launcher.permission.WRITE_SETTINGS" /> <!-- ZUK -->
100-->[com.onesignal:OneSignal:4.7.3] AndroidManifest.xml:41:5-93
100-->[com.onesignal:OneSignal:4.7.3] AndroidManifest.xml:41:22-90
101    <uses-permission android:name="android.permission.READ_APP_BADGE" /> <!-- OPPO -->
101-->[com.onesignal:OneSignal:4.7.3] AndroidManifest.xml:42:5-73
101-->[com.onesignal:OneSignal:4.7.3] AndroidManifest.xml:42:22-70
102    <uses-permission android:name="com.oppo.launcher.permission.READ_SETTINGS" />
102-->[com.onesignal:OneSignal:4.7.3] AndroidManifest.xml:43:5-82
102-->[com.onesignal:OneSignal:4.7.3] AndroidManifest.xml:43:22-79
103    <uses-permission android:name="com.oppo.launcher.permission.WRITE_SETTINGS" /> <!-- EvMe -->
103-->[com.onesignal:OneSignal:4.7.3] AndroidManifest.xml:44:5-83
103-->[com.onesignal:OneSignal:4.7.3] AndroidManifest.xml:44:22-80
104    <uses-permission android:name="me.everything.badger.permission.BADGE_COUNT_READ" />
104-->[com.onesignal:OneSignal:4.7.3] AndroidManifest.xml:45:5-88
104-->[com.onesignal:OneSignal:4.7.3] AndroidManifest.xml:45:22-85
105    <uses-permission android:name="me.everything.badger.permission.BADGE_COUNT_WRITE" />
105-->[com.onesignal:OneSignal:4.7.3] AndroidManifest.xml:46:5-89
105-->[com.onesignal:OneSignal:4.7.3] AndroidManifest.xml:46:22-86
106
107    <uses-feature
107-->[com.google.android.gms:play-services-maps:18.0.2] AndroidManifest.xml:26:5-28:35
108        android:glEsVersion="0x00020000"
108-->[com.google.android.gms:play-services-maps:18.0.2] AndroidManifest.xml:27:9-41
109        android:required="true" />
109-->[com.google.android.gms:play-services-maps:18.0.2] AndroidManifest.xml:28:9-32
110<!--     <uses-permission android:name="android.permission.RECORD_AUDIO" /> -->
111    <application
112        android:name="android.app.Application"
112-->src/main/AndroidManifest.xml:61:9-42
113        android:allowBackup="true"
113-->src/main/AndroidManifest.xml:62:8-34
114        android:appComponentFactory="androidx.core.app.CoreComponentFactory"
114-->[androidx.core:core:1.6.0] AndroidManifest.xml:24:18-86
115        android:icon="@drawable/logo"
115-->src/main/AndroidManifest.xml:59:8-37
116        android:label="ICT4Farmers" >
116-->src/main/AndroidManifest.xml:60:8-35
117
118        <!-- Place your Google Map API KEY here at value -->
119        <meta-data
119-->src/main/AndroidManifest.xml:66:8-67:69
120            android:name="com.google.android.geo.API_KEY"
120-->src/main/AndroidManifest.xml:66:19-64
121            android:value="AIzaSyAcctJQgkbQQI37Ae_2rAeck-l6nyDRQj0" />
121-->src/main/AndroidManifest.xml:67:12-67
122
123        <activity
123-->src/main/AndroidManifest.xml:69:9-89:20
124            android:name="net.eighttechnologes.ict4farmers.MainActivity"
124-->src/main/AndroidManifest.xml:70:13-41
125            android:configChanges="orientation|keyboardHidden|keyboard|screenSize|smallestScreenSize|locale|layoutDirection|fontScale|screenLayout|density|uiMode"
125-->src/main/AndroidManifest.xml:74:13-163
126            android:exported="true"
126-->src/main/AndroidManifest.xml:71:13-36
127            android:hardwareAccelerated="true"
127-->src/main/AndroidManifest.xml:75:13-47
128            android:launchMode="singleTop"
128-->src/main/AndroidManifest.xml:72:13-43
129            android:theme="@style/LaunchTheme"
129-->src/main/AndroidManifest.xml:73:13-47
130            android:windowSoftInputMode="adjustResize" >
130-->src/main/AndroidManifest.xml:76:13-55
131
132            <!--
133                 Specifies an Android theme to apply to this Activity as soon as
134                 the Android process has started. This theme is visible to the user
135                 while the Flutter UI initializes. After that, this theme continues
136                 to determine the Window background behind the Flutter UI.
137            -->
138            <meta-data
138-->src/main/AndroidManifest.xml:81:13-84:17
139                android:name="io.flutter.embedding.android.NormalTheme"
139-->src/main/AndroidManifest.xml:82:15-70
140                android:resource="@style/NormalTheme" />
140-->src/main/AndroidManifest.xml:83:15-52
141
142            <intent-filter>
142-->src/main/AndroidManifest.xml:85:13-88:29
143                <action android:name="android.intent.action.MAIN" />
143-->src/main/AndroidManifest.xml:86:17-68
143-->src/main/AndroidManifest.xml:86:25-66
144
145                <category android:name="android.intent.category.LAUNCHER" />
145-->src/main/AndroidManifest.xml:87:17-76
145-->src/main/AndroidManifest.xml:87:27-74
146            </intent-filter>
147        </activity>
148        <!--
149             Don't delete the meta-data below.
150             This is used by the Flutter tool to generate GeneratedPluginRegistrant.java
151        -->
152        <meta-data
152-->src/main/AndroidManifest.xml:92:9-94:33
153            android:name="flutterEmbedding"
153-->src/main/AndroidManifest.xml:93:13-44
154            android:value="2" />
154-->src/main/AndroidManifest.xml:94:13-30
155
156        <service
156-->[:geolocator_android] AndroidManifest.xml:10:9-14:56
157            android:name="com.baseflow.geolocator.GeolocatorLocationService"
157-->[:geolocator_android] AndroidManifest.xml:11:13-77
158            android:enabled="true"
158-->[:geolocator_android] AndroidManifest.xml:12:13-35
159            android:exported="false"
159-->[:geolocator_android] AndroidManifest.xml:13:13-37
160            android:foregroundServiceType="location" />
160-->[:geolocator_android] AndroidManifest.xml:14:13-53
161
162        <provider
162-->[:image_picker_android] AndroidManifest.xml:8:9-16:20
163            android:name="io.flutter.plugins.imagepicker.ImagePickerFileProvider"
163-->[:image_picker_android] AndroidManifest.xml:9:13-82
164            android:authorities="net.eighttechnologes.ict4farmers.flutter.image_provider"
164-->[:image_picker_android] AndroidManifest.xml:10:13-74
165            android:exported="false"
165-->[:image_picker_android] AndroidManifest.xml:11:13-37
166            android:grantUriPermissions="true" >
166-->[:image_picker_android] AndroidManifest.xml:12:13-47
167            <meta-data
167-->[:image_picker_android] AndroidManifest.xml:13:13-15:75
168                android:name="android.support.FILE_PROVIDER_PATHS"
168-->[:image_picker_android] AndroidManifest.xml:14:17-67
169                android:resource="@xml/flutter_image_picker_file_paths" />
169-->[:image_picker_android] AndroidManifest.xml:15:17-72
170        </provider>
171
172        <activity
172-->[:url_launcher_android] AndroidManifest.xml:8:9-11:74
173            android:name="io.flutter.plugins.urllauncher.WebViewActivity"
173-->[:url_launcher_android] AndroidManifest.xml:9:13-74
174            android:exported="false"
174-->[:url_launcher_android] AndroidManifest.xml:10:13-37
175            android:theme="@android:style/Theme.NoTitleBar.Fullscreen" />
175-->[:url_launcher_android] AndroidManifest.xml:11:13-71
176
177        <receiver
177-->[com.onesignal:OneSignal:4.7.3] AndroidManifest.xml:49:9-60:20
178            android:name="com.onesignal.FCMBroadcastReceiver"
178-->[com.onesignal:OneSignal:4.7.3] AndroidManifest.xml:50:13-62
179            android:exported="true"
179-->[com.onesignal:OneSignal:4.7.3] AndroidManifest.xml:51:13-36
180            android:permission="com.google.android.c2dm.permission.SEND" >
180-->[com.onesignal:OneSignal:4.7.3] AndroidManifest.xml:52:13-73
181
182            <!-- High priority so OneSignal payloads can be filtered from other FCM receivers -->
183            <intent-filter android:priority="999" >
183-->[com.onesignal:OneSignal:4.7.3] AndroidManifest.xml:55:13-59:29
183-->[com.onesignal:OneSignal:4.7.3] AndroidManifest.xml:55:28-50
184                <action android:name="com.google.android.c2dm.intent.RECEIVE" />
184-->[com.onesignal:OneSignal:4.7.3] AndroidManifest.xml:56:17-81
184-->[com.onesignal:OneSignal:4.7.3] AndroidManifest.xml:56:25-78
185
186                <category android:name="net.eighttechnologes.ict4farmers" />
186-->[com.onesignal:OneSignal:4.7.3] AndroidManifest.xml:58:17-61
186-->[com.onesignal:OneSignal:4.7.3] AndroidManifest.xml:58:27-58
187            </intent-filter>
188        </receiver>
189
190        <service
190-->[com.onesignal:OneSignal:4.7.3] AndroidManifest.xml:62:9-68:19
191            android:name="com.onesignal.HmsMessageServiceOneSignal"
191-->[com.onesignal:OneSignal:4.7.3] AndroidManifest.xml:63:13-68
192            android:exported="false" >
192-->[com.onesignal:OneSignal:4.7.3] AndroidManifest.xml:64:13-37
193            <intent-filter>
193-->[com.onesignal:OneSignal:4.7.3] AndroidManifest.xml:65:13-67:29
194                <action android:name="com.huawei.push.action.MESSAGING_EVENT" />
194-->[com.onesignal:OneSignal:4.7.3] AndroidManifest.xml:66:17-81
194-->[com.onesignal:OneSignal:4.7.3] AndroidManifest.xml:66:25-78
195            </intent-filter>
196        </service>
197
198        <activity
198-->[com.onesignal:OneSignal:4.7.3] AndroidManifest.xml:70:9-78:20
199            android:name="com.onesignal.NotificationOpenedActivityHMS"
199-->[com.onesignal:OneSignal:4.7.3] AndroidManifest.xml:71:13-71
200            android:exported="true"
200-->[com.onesignal:OneSignal:4.7.3] AndroidManifest.xml:72:13-36
201            android:noHistory="true"
201-->[com.onesignal:OneSignal:4.7.3] AndroidManifest.xml:73:13-37
202            android:theme="@android:style/Theme.Translucent.NoTitleBar" >
202-->[com.onesignal:OneSignal:4.7.3] AndroidManifest.xml:74:13-72
203            <intent-filter>
203-->[com.onesignal:OneSignal:4.7.3] AndroidManifest.xml:75:13-77:29
204                <action android:name="android.intent.action.VIEW" />
204-->src/main/AndroidManifest.xml:36:13-65
204-->src/main/AndroidManifest.xml:36:21-62
205            </intent-filter>
206        </activity>
207
208        <service
208-->[com.onesignal:OneSignal:4.7.3] AndroidManifest.xml:80:9-82:40
209            android:name="com.onesignal.FCMIntentService"
209-->[com.onesignal:OneSignal:4.7.3] AndroidManifest.xml:81:13-58
210            android:exported="false" />
210-->[com.onesignal:OneSignal:4.7.3] AndroidManifest.xml:82:13-37
211        <service
211-->[com.onesignal:OneSignal:4.7.3] AndroidManifest.xml:83:9-86:72
212            android:name="com.onesignal.FCMIntentJobService"
212-->[com.onesignal:OneSignal:4.7.3] AndroidManifest.xml:84:13-61
213            android:exported="false"
213-->[com.onesignal:OneSignal:4.7.3] AndroidManifest.xml:85:13-37
214            android:permission="android.permission.BIND_JOB_SERVICE" />
214-->[com.onesignal:OneSignal:4.7.3] AndroidManifest.xml:86:13-69
215        <service
215-->[com.onesignal:OneSignal:4.7.3] AndroidManifest.xml:87:9-90:43
216            android:name="com.onesignal.SyncService"
216-->[com.onesignal:OneSignal:4.7.3] AndroidManifest.xml:88:13-53
217            android:exported="false"
217-->[com.onesignal:OneSignal:4.7.3] AndroidManifest.xml:89:13-37
218            android:stopWithTask="true" />
218-->[com.onesignal:OneSignal:4.7.3] AndroidManifest.xml:90:13-40
219        <service
219-->[com.onesignal:OneSignal:4.7.3] AndroidManifest.xml:91:9-94:72
220            android:name="com.onesignal.SyncJobService"
220-->[com.onesignal:OneSignal:4.7.3] AndroidManifest.xml:92:13-56
221            android:exported="false"
221-->[com.onesignal:OneSignal:4.7.3] AndroidManifest.xml:93:13-37
222            android:permission="android.permission.BIND_JOB_SERVICE" />
222-->[com.onesignal:OneSignal:4.7.3] AndroidManifest.xml:94:13-69
223
224        <activity
224-->[com.onesignal:OneSignal:4.7.3] AndroidManifest.xml:96:9-99:75
225            android:name="com.onesignal.PermissionsActivity"
225-->[com.onesignal:OneSignal:4.7.3] AndroidManifest.xml:97:13-61
226            android:exported="false"
226-->[com.onesignal:OneSignal:4.7.3] AndroidManifest.xml:98:13-37
227            android:theme="@android:style/Theme.Translucent.NoTitleBar" />
227-->[com.onesignal:OneSignal:4.7.3] AndroidManifest.xml:99:13-72
228
229        <receiver
229-->[com.onesignal:OneSignal:4.7.3] AndroidManifest.xml:101:9-103:39
230            android:name="com.onesignal.NotificationDismissReceiver"
230-->[com.onesignal:OneSignal:4.7.3] AndroidManifest.xml:102:13-69
231            android:exported="true" />
231-->[com.onesignal:OneSignal:4.7.3] AndroidManifest.xml:103:13-36
232        <receiver
232-->[com.onesignal:OneSignal:4.7.3] AndroidManifest.xml:104:9-111:20
233            android:name="com.onesignal.BootUpReceiver"
233-->[com.onesignal:OneSignal:4.7.3] AndroidManifest.xml:105:13-56
234            android:exported="true" >
234-->[com.onesignal:OneSignal:4.7.3] AndroidManifest.xml:106:13-36
235            <intent-filter>
235-->[com.onesignal:OneSignal:4.7.3] AndroidManifest.xml:107:13-110:29
236                <action android:name="android.intent.action.BOOT_COMPLETED" />
236-->[com.onesignal:OneSignal:4.7.3] AndroidManifest.xml:108:17-79
236-->[com.onesignal:OneSignal:4.7.3] AndroidManifest.xml:108:25-76
237                <action android:name="android.intent.action.QUICKBOOT_POWERON" />
237-->[com.onesignal:OneSignal:4.7.3] AndroidManifest.xml:109:17-82
237-->[com.onesignal:OneSignal:4.7.3] AndroidManifest.xml:109:25-79
238            </intent-filter>
239        </receiver>
240        <receiver
240-->[com.onesignal:OneSignal:4.7.3] AndroidManifest.xml:112:9-118:20
241            android:name="com.onesignal.UpgradeReceiver"
241-->[com.onesignal:OneSignal:4.7.3] AndroidManifest.xml:113:13-57
242            android:exported="true" >
242-->[com.onesignal:OneSignal:4.7.3] AndroidManifest.xml:114:13-36
243            <intent-filter>
243-->[com.onesignal:OneSignal:4.7.3] AndroidManifest.xml:115:13-117:29
244                <action android:name="android.intent.action.MY_PACKAGE_REPLACED" />
244-->[com.onesignal:OneSignal:4.7.3] AndroidManifest.xml:116:17-84
244-->[com.onesignal:OneSignal:4.7.3] AndroidManifest.xml:116:25-81
245            </intent-filter>
246        </receiver>
247
248        <activity
248-->[com.onesignal:OneSignal:4.7.3] AndroidManifest.xml:120:9-126:75
249            android:name="com.onesignal.NotificationOpenedReceiver"
249-->[com.onesignal:OneSignal:4.7.3] AndroidManifest.xml:121:13-68
250            android:excludeFromRecents="true"
250-->[com.onesignal:OneSignal:4.7.3] AndroidManifest.xml:122:13-46
251            android:exported="true"
251-->[com.onesignal:OneSignal:4.7.3] AndroidManifest.xml:123:13-36
252            android:noHistory="true"
252-->[com.onesignal:OneSignal:4.7.3] AndroidManifest.xml:124:13-37
253            android:taskAffinity=""
253-->[com.onesignal:OneSignal:4.7.3] AndroidManifest.xml:125:13-36
254            android:theme="@android:style/Theme.Translucent.NoTitleBar" />
254-->[com.onesignal:OneSignal:4.7.3] AndroidManifest.xml:126:13-72
255        <activity
255-->[com.onesignal:OneSignal:4.7.3] AndroidManifest.xml:127:9-132:75
256            android:name="com.onesignal.NotificationOpenedReceiverAndroid22AndOlder"
256-->[com.onesignal:OneSignal:4.7.3] AndroidManifest.xml:128:13-85
257            android:excludeFromRecents="true"
257-->[com.onesignal:OneSignal:4.7.3] AndroidManifest.xml:129:13-46
258            android:exported="true"
258-->[com.onesignal:OneSignal:4.7.3] AndroidManifest.xml:130:13-36
259            android:noHistory="true"
259-->[com.onesignal:OneSignal:4.7.3] AndroidManifest.xml:131:13-37
260            android:theme="@android:style/Theme.Translucent.NoTitleBar" />
260-->[com.onesignal:OneSignal:4.7.3] AndroidManifest.xml:132:13-72
261
262        <uses-library
262-->[androidx.window:window:1.0.0-beta04] AndroidManifest.xml:25:9-27:40
263            android:name="androidx.window.extensions"
263-->[androidx.window:window:1.0.0-beta04] AndroidManifest.xml:26:13-54
264            android:required="false" />
264-->[androidx.window:window:1.0.0-beta04] AndroidManifest.xml:27:13-37
265        <uses-library
265-->[androidx.window:window:1.0.0-beta04] AndroidManifest.xml:28:9-30:40
266            android:name="androidx.window.sidecar"
266-->[androidx.window:window:1.0.0-beta04] AndroidManifest.xml:29:13-51
267            android:required="false" />
267-->[androidx.window:window:1.0.0-beta04] AndroidManifest.xml:30:13-37
268
269        <activity
269-->[com.google.android.gms:play-services-auth:19.2.0] AndroidManifest.xml:23:9-27:75
270            android:name="com.google.android.gms.auth.api.signin.internal.SignInHubActivity"
270-->[com.google.android.gms:play-services-auth:19.2.0] AndroidManifest.xml:24:13-93
271            android:excludeFromRecents="true"
271-->[com.google.android.gms:play-services-auth:19.2.0] AndroidManifest.xml:25:13-46
272            android:exported="false"
272-->[com.google.android.gms:play-services-auth:19.2.0] AndroidManifest.xml:26:13-37
273            android:theme="@android:style/Theme.Translucent.NoTitleBar" />
273-->[com.google.android.gms:play-services-auth:19.2.0] AndroidManifest.xml:27:13-72
274        <!--
275            Service handling Google Sign-In user revocation. For apps that do not integrate with
276            Google Sign-In, this service will never be started.
277        -->
278        <service
278-->[com.google.android.gms:play-services-auth:19.2.0] AndroidManifest.xml:33:9-37:51
279            android:name="com.google.android.gms.auth.api.signin.RevocationBoundService"
279-->[com.google.android.gms:play-services-auth:19.2.0] AndroidManifest.xml:34:13-89
280            android:exported="true"
280-->[com.google.android.gms:play-services-auth:19.2.0] AndroidManifest.xml:35:13-36
281            android:permission="com.google.android.gms.auth.api.signin.permission.REVOCATION_NOTIFICATION"
281-->[com.google.android.gms:play-services-auth:19.2.0] AndroidManifest.xml:36:13-107
282            android:visibleToInstantApps="true" />
282-->[com.google.android.gms:play-services-auth:19.2.0] AndroidManifest.xml:37:13-48
283        <!--
284             FirebaseMessagingService performs security checks at runtime,
285             but set to not exported to explicitly avoid allowing another app to call it.
286        -->
287        <service
287-->[com.google.firebase:firebase-messaging:19.0.0] AndroidManifest.xml:28:9-34:19
288            android:name="com.google.firebase.messaging.FirebaseMessagingService"
288-->[com.google.firebase:firebase-messaging:19.0.0] AndroidManifest.xml:29:13-82
289            android:exported="false" >
289-->[com.google.firebase:firebase-messaging:19.0.0] AndroidManifest.xml:30:13-37
290            <intent-filter android:priority="-500" >
290-->[com.google.firebase:firebase-messaging:19.0.0] AndroidManifest.xml:31:13-33:29
290-->[com.google.firebase:firebase-messaging:19.0.0] AndroidManifest.xml:31:28-51
291                <action android:name="com.google.firebase.MESSAGING_EVENT" />
291-->[com.google.firebase:firebase-messaging:19.0.0] AndroidManifest.xml:32:17-78
291-->[com.google.firebase:firebase-messaging:19.0.0] AndroidManifest.xml:32:25-75
292            </intent-filter>
293        </service>
294        <service
294-->[com.google.firebase:firebase-iid:19.0.0] AndroidManifest.xml:29:9-35:19
295            android:name="com.google.firebase.components.ComponentDiscoveryService"
295-->[com.google.firebase:firebase-iid:19.0.0] AndroidManifest.xml:30:13-84
296            android:exported="false" >
296-->[com.google.firebase:firebase-iid:19.0.0] AndroidManifest.xml:31:13-37
297            <meta-data
297-->[com.google.firebase:firebase-iid:19.0.0] AndroidManifest.xml:32:13-34:85
298                android:name="com.google.firebase.components:com.google.firebase.iid.Registrar"
298-->[com.google.firebase:firebase-iid:19.0.0] AndroidManifest.xml:33:17-96
299                android:value="com.google.firebase.components.ComponentRegistrar" />
299-->[com.google.firebase:firebase-iid:19.0.0] AndroidManifest.xml:34:17-82
300        </service>
301
302        <receiver
302-->[com.google.firebase:firebase-iid:19.0.0] AndroidManifest.xml:37:9-44:20
303            android:name="com.google.firebase.iid.FirebaseInstanceIdReceiver"
303-->[com.google.firebase:firebase-iid:19.0.0] AndroidManifest.xml:38:13-78
304            android:exported="true"
304-->[com.google.firebase:firebase-iid:19.0.0] AndroidManifest.xml:39:13-36
305            android:permission="com.google.android.c2dm.permission.SEND" >
305-->[com.google.firebase:firebase-iid:19.0.0] AndroidManifest.xml:40:13-73
306            <intent-filter>
306-->[com.google.firebase:firebase-iid:19.0.0] AndroidManifest.xml:41:13-43:29
307                <action android:name="com.google.android.c2dm.intent.RECEIVE" />
307-->[com.onesignal:OneSignal:4.7.3] AndroidManifest.xml:56:17-81
307-->[com.onesignal:OneSignal:4.7.3] AndroidManifest.xml:56:25-78
308            </intent-filter>
309        </receiver> <!-- Needs to be explicitly declared on P+ -->
310        <uses-library
310-->[com.google.android.gms:play-services-maps:18.0.2] AndroidManifest.xml:39:9-41:40
311            android:name="org.apache.http.legacy"
311-->[com.google.android.gms:play-services-maps:18.0.2] AndroidManifest.xml:40:13-50
312            android:required="false" />
312-->[com.google.android.gms:play-services-maps:18.0.2] AndroidManifest.xml:41:13-37
313
314        <activity